<?xml version="1.0" encoding="utf-8"?>
<TestRun id="fc363a97-7608-4c57-8cf2-7cd208c8d35e" name="chenyu@CY 2024-07-05 11:23:28" runUser="CY\chenyu" xmlns="http://microsoft.com/schemas/VisualStudio/TeamTest/2010">
  <Times creation="2024-07-05T11:23:28.3999180+08:00" queuing="2024-07-05T11:23:28.3999182+08:00" start="2024-07-05T11:23:27.6936327+08:00" finish="2024-07-05T11:23:28.4174389+08:00" />
  <TestSettings name="default" id="14fbb842-b125-42a4-aea7-8941929daeb2">
    <Deployment runDeploymentRoot="chenyu_CY_2024-07-05_11_23_28" />
  </TestSettings>
  <Results>
    <UnitTestResult executionId="7a64e677-674b-4c1f-8cdb-bc8d95f5a761" testId="8e69626d-6cd9-899a-6218-ccf185a63cdc" testName="jenkinsxUnit.UnitTest1.Test1" computerName="CY" duration="00:00:00.0004733" startTime="2024-07-05T11:23:28.3249524+08:00" endTime="2024-07-05T11:23:28.3249524+08:00" testType="13cdc9d9-ddb5-4fa4-a97d-d965ccfc6d4b" outcome="Passed" testListId="8c84fa94-04c1-424b-9868-57a2d4851a1d" relativeResultsDirectory="7a64e677-674b-4c1f-8cdb-bc8d95f5a761" />
    <UnitTestResult executionId="6a70b5d6-b925-4eb3-98f4-095e11ccb9f8" testId="5c0e4767-517a-7d93-4fbc-ccd32be897f3" testName="jenkinsxUnit.UnitTest1.Test2" computerName="CY" duration="00:00:00.0019616" startTime="2024-07-05T11:23:28.3222908+08:00" endTime="2024-07-05T11:23:28.3223013+08:00" testType="13cdc9d9-ddb5-4fa4-a97d-d965ccfc6d4b" outcome="Failed" testListId="8c84fa94-04c1-424b-9868-57a2d4851a1d" relativeResultsDirectory="6a70b5d6-b925-4eb3-98f4-095e11ccb9f8">
      <Output>
        <ErrorInfo>
          <Message>Assert.True() Failure&#xD;
Expected: True&#xD;
Actual:   False</Message>
          <StackTrace>   at jenkinsxUnit.UnitTest1.Test2() in D:\app\allTest\jenkinsxUnit\jenkinsxUnit\UnitTest1.cs:line 14</StackTrace>
        </ErrorInfo>
      </Output>
    </UnitTestResult>
  </Results>
  <TestDefinitions>
    <UnitTest name="jenkinsxUnit.UnitTest1.Test1" storage="d:\app\alltest\jenkinsxunit\jenkinsxunit\bin\debug\net6.0\jenkinsxunit.dll" id="8e69626d-6cd9-899a-6218-ccf185a63cdc">
      <Execution id="7a64e677-674b-4c1f-8cdb-bc8d95f5a761" />
      <TestMethod codeBase="D:\app\allTest\jenkinsxUnit\jenkinsxUnit\bin\Debug\net6.0\jenkinsxUnit.dll" adapterTypeName="executor://xunit/VsTestRunner2/netcoreapp" className="jenkinsxUnit.UnitTest1" name="Test1" />
    </UnitTest>
    <UnitTest name="jenkinsxUnit.UnitTest1.Test2" storage="d:\app\alltest\jenkinsxunit\jenkinsxunit\bin\debug\net6.0\jenkinsxunit.dll" id="5c0e4767-517a-7d93-4fbc-ccd32be897f3">
      <Execution id="6a70b5d6-b925-4eb3-98f4-095e11ccb9f8" />
      <TestMethod codeBase="D:\app\allTest\jenkinsxUnit\jenkinsxUnit\bin\Debug\net6.0\jenkinsxUnit.dll" adapterTypeName="executor://xunit/VsTestRunner2/netcoreapp" className="jenkinsxUnit.UnitTest1" name="Test2" />
    </UnitTest>
  </TestDefinitions>
  <TestEntries>
    <TestEntry testId="8e69626d-6cd9-899a-6218-ccf185a63cdc" executionId="7a64e677-674b-4c1f-8cdb-bc8d95f5a761" testListId="8c84fa94-04c1-424b-9868-57a2d4851a1d" />
    <TestEntry testId="5c0e4767-517a-7d93-4fbc-ccd32be897f3" executionId="6a70b5d6-b925-4eb3-98f4-095e11ccb9f8" testListId="8c84fa94-04c1-424b-9868-57a2d4851a1d" />
  </TestEntries>
  <TestLists>
    <TestList name="列表中未列出的结果" id="8c84fa94-04c1-424b-9868-57a2d4851a1d" />
    <TestList name="所有已加载的结果" id="19431567-8539-422a-85d7-44ee4e166bda" />
  </TestLists>
  <ResultSummary outcome="Failed">
    <Counters total="2" executed="2" passed="1" failed="1" error="0" timeout="0" aborted="0" inconclusive="0" passedButRunAborted="0" notRunnable="0" notExecuted="0" disconnected="0" warning="0" completed="0" inProgress="0" pending="0" />
    <Output>
      <StdOut>[xUnit.net 00:00:00.00] xUnit.net VSTest Adapter v2.4.5+1caef2f33e (64-bit .NET 6.0.30)&#xD;
[xUnit.net 00:00:00.24]   Discovering: jenkinsxUnit&#xD;
[xUnit.net 00:00:00.26]   Discovered:  jenkinsxUnit&#xD;
[xUnit.net 00:00:00.26]   Starting:    jenkinsxUnit&#xD;
[xUnit.net 00:00:00.30]       Assert.True() Failure&#xD;
[xUnit.net 00:00:00.30]       Expected: True&#xD;
[xUnit.net 00:00:00.30]       Actual:   False&#xD;
[xUnit.net 00:00:00.30]       Stack Trace:&#xD;
[xUnit.net 00:00:00.30]         D:\app\allTest\jenkinsxUnit\jenkinsxUnit\UnitTest1.cs(14,0): at jenkinsxUnit.UnitTest1.Test2()&#xD;
[xUnit.net 00:00:00.31]   Finished:    jenkinsxUnit&#xD;
</StdOut>
    </Output>
    <RunInfos>
      <RunInfo computerName="CY" outcome="Error" timestamp="2024-07-05T11:23:28.3196207+08:00">
        <Text>[xUnit.net 00:00:00.30]     jenkinsxUnit.UnitTest1.Test2 [FAIL]</Text>
      </RunInfo>
    </RunInfos>
  </ResultSummary>
</TestRun>